0 info it worked if it ends with ok
1 verbose cli [ 'D:\\Program Files\\nodejs\\node.exe',
1 verbose cli   'D:\\Program Files\\nodejs\\node_modules\\npm\\bin\\npm-cli.js',
1 verbose cli   'run-script',
1 verbose cli   'start' ]
2 info using npm@3.8.9
3 info using node@v6.2.0
4 verbose run-script [ 'prestart', 'start', 'poststart' ]
5 info lifecycle react-tutorial@0.0.0~prestart: react-tutorial@0.0.0
6 silly lifecycle react-tutorial@0.0.0~prestart: no script for prestart, continuing
7 info lifecycle react-tutorial@0.0.0~start: react-tutorial@0.0.0
8 verbose lifecycle react-tutorial@0.0.0~start: unsafe-perm in lifecycle true
9 verbose lifecycle react-tutorial@0.0.0~start: PATH: D:\Program Files\nodejs\node_modules\npm\bin\node-gyp-bin;E:\Projects\WebstormProjects\reactPML\node_modules\.bin;D:\Program Files\nodejs;C:\ProgramData\Oracle\Java\javapath;C:\Windows\system32;C:\Windows;C:\Windows\System32\Wbem;D:\Program Files (x86)\gnuplot\bin;D:\TDM-GCC-32\bin;D:\Program Files\nodejs\;D:\Anaconda2;D:\Anaconda2\Scripts;D:\Anaconda2\Library\bin;C:\Users\jungor\AppData\Roaming\npm
10 verbose lifecycle react-tutorial@0.0.0~start: CWD: E:\Projects\WebstormProjects\reactPML
11 silly lifecycle react-tutorial@0.0.0~start: Args: [ '/d /s /c', 'node server.js' ]
12 silly lifecycle react-tutorial@0.0.0~start: Returned: code: 1  signal: null
13 info lifecycle react-tutorial@0.0.0~start: Failed to exec start script
14 verbose stack Error: react-tutorial@0.0.0 start: `node server.js`
14 verbose stack Exit status 1
14 verbose stack     at EventEmitter.<anonymous> (D:\Program Files\nodejs\node_modules\npm\lib\utils\lifecycle.js:245:16)
14 verbose stack     at emitTwo (events.js:106:13)
14 verbose stack     at EventEmitter.emit (events.js:191:7)
14 verbose stack     at ChildProcess.<anonymous> (D:\Program Files\nodejs\node_modules\npm\lib\utils\spawn.js:24:14)
14 verbose stack     at emitTwo (events.js:106:13)
14 verbose stack     at ChildProcess.emit (events.js:191:7)
14 verbose stack     at maybeClose (internal/child_process.js:850:16)
14 verbose stack     at Process.ChildProcess._handle.onexit (internal/child_process.js:215:5)
15 verbose pkgid react-tutorial@0.0.0
16 verbose cwd E:\Projects\WebstormProjects\reactPML
17 error Windows_NT 10.0.10586
18 error argv "D:\\Program Files\\nodejs\\node.exe" "D:\\Program Files\\nodejs\\node_modules\\npm\\bin\\npm-cli.js" "run-script" "start"
19 error node v6.2.0
20 error npm  v3.8.9
21 error code ELIFECYCLE
22 error react-tutorial@0.0.0 start: `node server.js`
22 error Exit status 1
23 error Failed at the react-tutorial@0.0.0 start script 'node server.js'.
23 error Make sure you have the latest version of node.js and npm installed.
23 error If you do, this is most likely a problem with the react-tutorial package,
23 error not with npm itself.
23 error Tell the author that this fails on your system:
23 error     node server.js
23 error You can get information on how to open an issue for this project with:
23 error     npm bugs react-tutorial
23 error Or if that isn't available, you can get their info via:
23 error     npm owner ls react-tutorial
23 error There is likely additional logging output above.
24 verbose exit [ 1, true ]
